build/app/intermediates/manifest_merge_blame_file/release/manifest-merger-blame-release-report.txt
1<?xml version="1.0" encoding="utf-8"?>
2<manifest xmlns:android="http://schemas.android.com/apk/res/android"
3    package="com.example.vehiman"
4    android:versionCode="1"
5    android:versionName="1.0.0" >
6
7    <uses-sdk
8        android:minSdkVersion="19"
8-->src\main\AndroidManifest.xml
9        android:targetSdkVersion="33" />
9-->src\main\AndroidManifest.xml
10    <!--
11         Required to query activities that can process text, see:
12         https://developer.android.com/training/package-visibility?hl=en and
13         https://developer.android.com/reference/android/content/Intent#ACTION_PROCESS_TEXT.
14
15         In particular, this is used by the Flutter engine in io.flutter.plugin.text.ProcessTextPlugin.
16    -->
17    <queries>
17-->src\main\AndroidManifest.xml:38:5-43:15
18        <intent>
18-->src\main\AndroidManifest.xml:39:9-42:18
19            <action android:name="android.intent.action.PROCESS_TEXT" />
19-->src\main\AndroidManifest.xml:40:13-72
19-->src\main\AndroidManifest.xml:40:21-70
20
21            <data android:mimeType="text/plain" />
21-->src\main\AndroidManifest.xml:41:13-50
21-->src\main\AndroidManifest.xml:41:19-48
22        </intent>
23    </queries>
24
25    <uses-permission android:name="android.permission.INTERNET" />
25-->[com.google.firebase:firebase-auth:21.0.8] AndroidManifest.xml:23:5-67
25-->[com.google.firebase:firebase-auth:21.0.8] AndroidManifest.xml:23:22-64
26    <uses-permission android:name="android.permission.ACCESS_NETWORK_STATE" />
26-->[com.google.firebase:firebase-auth:21.0.8] AndroidManifest.xml:24:5-79
26-->[com.google.firebase:firebase-auth:21.0.8] AndroidManifest.xml:24:22-76
27
28    <permission
28-->[androidx.core:core:1.10.1] AndroidManifest.xml:22:5-24:47
29        android:name="com.example.vehiman.DYNAMIC_RECEIVER_NOT_EXPORTED_PERMISSION"
29-->[androidx.core:core:1.10.1] AndroidManifest.xml:23:9-81
30        android:protectionLevel="signature" />
30-->[androidx.core:core:1.10.1] AndroidManifest.xml:24:9-44
31
32    <uses-permission android:name="com.example.vehiman.DYNAMIC_RECEIVER_NOT_EXPORTED_PERMISSION" />
32-->[androidx.core:core:1.10.1] AndroidManifest.xml:26:5-97
32-->[androidx.core:core:1.10.1] AndroidManifest.xml:26:22-94
33
34    <application
35        android:name="android.app.Application"
35-->src\main\AndroidManifest.xml:4:9-42
36        android:appComponentFactory="androidx.core.app.CoreComponentFactory"
36-->[androidx.core:core:1.10.1] AndroidManifest.xml:28:18-86
37        android:icon="@mipmap/ic_launcher"
37-->src\main\AndroidManifest.xml:5:9-43
38        android:label="vehiman" >
38-->src\main\AndroidManifest.xml:3:9-32
39        <activity
39-->src\main\AndroidManifest.xml:6:9-26:20
40            android:name="com.example.vehiman.MainActivity"
40-->src\main\AndroidManifest.xml:7:13-41
41            android:configChanges="orientation|keyboardHidden|keyboard|screenSize|smallestScreenSize|locale|layoutDirection|fontScale|screenLayout|density|uiMode"
41-->src\main\AndroidManifest.xml:11:13-163
42            android:exported="true"
42-->src\main\AndroidManifest.xml:8:13-36
43            android:hardwareAccelerated="true"
43-->src\main\AndroidManifest.xml:12:13-47
44            android:launchMode="singleTop"
44-->src\main\AndroidManifest.xml:9:13-43
45            android:theme="@style/LaunchTheme"
45-->src\main\AndroidManifest.xml:10:13-47
46            android:windowSoftInputMode="adjustResize" >
46-->src\main\AndroidManifest.xml:13:13-55
47
48            <!--
49                 Specifies an Android theme to apply to this Activity as soon as
50                 the Android process has started. This theme is visible to the user
51                 while the Flutter UI initializes. After that, this theme continues
52                 to determine the Window background behind the Flutter UI.
53            -->
54            <meta-data
54-->src\main\AndroidManifest.xml:18:13-21:17
55                android:name="io.flutter.embedding.android.NormalTheme"
55-->src\main\AndroidManifest.xml:19:15-70
56                android:resource="@style/NormalTheme" />
56-->src\main\AndroidManifest.xml:20:15-52
57
58            <intent-filter>
58-->src\main\AndroidManifest.xml:22:13-25:29
59                <action android:name="android.intent.action.MAIN" />
59-->src\main\AndroidManifest.xml:23:17-68
59-->src\main\AndroidManifest.xml:23:25-66
60
61                <category android:name="android.intent.category.LAUNCHER" />
61-->src\main\AndroidManifest.xml:24:17-76
61-->src\main\AndroidManifest.xml:24:27-74
62            </intent-filter>
63        </activity>
64        <!--
65             Don't delete the meta-data below.
66             This is used by the Flutter tool to generate GeneratedPluginRegistrant.java
67        -->
68        <meta-data
68-->src\main\AndroidManifest.xml:29:9-31:33
69            android:name="flutterEmbedding"
69-->src\main\AndroidManifest.xml:30:13-44
70            android:value="2" />
70-->src\main\AndroidManifest.xml:31:13-30
71
72        <service
72-->[:firebase_auth] AndroidManifest.xml:10:9-14:19
73            android:name="com.google.firebase.components.ComponentDiscoveryService"
73-->[:firebase_auth] AndroidManifest.xml:10:18-89
74            android:directBootAware="true"
74-->[com.google.firebase:firebase-common:20.1.2] AndroidManifest.xml:35:13-43
75            android:exported="false" >
75-->[com.google.firebase:firebase-auth:21.0.8] AndroidManifest.xml:66:13-37
76            <meta-data
76-->[:firebase_auth] AndroidManifest.xml:11:13-13:85
77                android:name="com.google.firebase.components:io.flutter.plugins.firebase.auth.FlutterFirebaseAuthRegistrar"
77-->[:firebase_auth] AndroidManifest.xml:12:17-124
78                android:value="com.google.firebase.components.ComponentRegistrar" />
78-->[:firebase_auth] AndroidManifest.xml:13:17-82
79            <meta-data
79-->[:firebase_core] AndroidManifest.xml:11:13-13:85
80                android:name="com.google.firebase.components:io.flutter.plugins.firebase.core.FlutterFirebaseCoreRegistrar"
80-->[:firebase_core] AndroidManifest.xml:12:17-124
81                android:value="com.google.firebase.components.ComponentRegistrar" />
81-->[:firebase_core] AndroidManifest.xml:13:17-82
82            <meta-data
82-->[com.google.firebase:firebase-auth:21.0.8] AndroidManifest.xml:67:13-69:85
83                android:name="com.google.firebase.components:com.google.firebase.auth.FirebaseAuthRegistrar"
83-->[com.google.firebase:firebase-auth:21.0.8] AndroidManifest.xml:68:17-109
84                android:value="com.google.firebase.components.ComponentRegistrar" />
84-->[com.google.firebase:firebase-auth:21.0.8] AndroidManifest.xml:69:17-82
85        </service>
86
87        <provider
87-->[:image_picker_android] AndroidManifest.xml:11:9-19:20
88            android:name="io.flutter.plugins.imagepicker.ImagePickerFileProvider"
88-->[:image_picker_android] AndroidManifest.xml:12:13-82
89            android:authorities="com.example.vehiman.flutter.image_provider"
89-->[:image_picker_android] AndroidManifest.xml:13:13-74
90            android:exported="false"
90-->[:image_picker_android] AndroidManifest.xml:14:13-37
91            android:grantUriPermissions="true" >
91-->[:image_picker_android] AndroidManifest.xml:15:13-47
92            <meta-data
92-->[:image_picker_android] AndroidManifest.xml:16:13-18:75
93                android:name="android.support.FILE_PROVIDER_PATHS"
93-->[:image_picker_android] AndroidManifest.xml:17:17-67
94                android:resource="@xml/flutter_image_picker_file_paths" />
94-->[:image_picker_android] AndroidManifest.xml:18:17-72
95        </provider> <!-- Trigger Google Play services to install the backported photo picker module. -->
96        <service
96-->[:image_picker_android] AndroidManifest.xml:21:9-33:19
97            android:name="com.google.android.gms.metadata.ModuleDependencies"
97-->[:image_picker_android] AndroidManifest.xml:22:13-78
98            android:enabled="false"
98-->[:image_picker_android] AndroidManifest.xml:23:13-36
99            android:exported="false" >
99-->[:image_picker_android] AndroidManifest.xml:24:13-37
100            <intent-filter>
100-->[:image_picker_android] AndroidManifest.xml:26:13-28:29
101                <action android:name="com.google.android.gms.metadata.MODULE_DEPENDENCIES" />
101-->[:image_picker_android] AndroidManifest.xml:27:17-94
101-->[:image_picker_android] AndroidManifest.xml:27:25-91
102            </intent-filter>
103
104            <meta-data
104-->[:image_picker_android] AndroidManifest.xml:30:13-32:36
105                android:name="photopicker_activity:0:required"
105-->[:image_picker_android] AndroidManifest.xml:31:17-63
106                android:value="" />
106-->[:image_picker_android] AndroidManifest.xml:32:17-33
107        </service>
108
109        <activity
109-->[com.google.firebase:firebase-auth:21.0.8] AndroidManifest.xml:27:9-44:20
110            android:name="com.google.firebase.auth.internal.GenericIdpActivity"
110-->[com.google.firebase:firebase-auth:21.0.8] AndroidManifest.xml:28:13-80
111            android:excludeFromRecents="true"
111-->[com.google.firebase:firebase-auth:21.0.8] AndroidManifest.xml:29:13-46
112            android:exported="true"
112-->[com.google.firebase:firebase-auth:21.0.8] AndroidManifest.xml:30:13-36
113            android:launchMode="singleTask"
113-->[com.google.firebase:firebase-auth:21.0.8] AndroidManifest.xml:31:13-44
114            android:theme="@android:style/Theme.Translucent.NoTitleBar" >
114-->[com.google.firebase:firebase-auth:21.0.8] AndroidManifest.xml:32:13-72
115            <intent-filter>
115-->[com.google.firebase:firebase-auth:21.0.8] AndroidManifest.xml:33:13-43:29
116                <action android:name="android.intent.action.VIEW" />
116-->[com.google.firebase:firebase-auth:21.0.8] AndroidManifest.xml:34:17-69
116-->[com.google.firebase:firebase-auth:21.0.8] AndroidManifest.xml:34:25-66
117
118                <category android:name="android.intent.category.DEFAULT" />
118-->[com.google.firebase:firebase-auth:21.0.8] AndroidManifest.xml:36:17-76
118-->[com.google.firebase:firebase-auth:21.0.8] AndroidManifest.xml:36:27-73
119                <category android:name="android.intent.category.BROWSABLE" />
119-->[com.google.firebase:firebase-auth:21.0.8] AndroidManifest.xml:37:17-78
119-->[com.google.firebase:firebase-auth:21.0.8] AndroidManifest.xml:37:27-75
120
121                <data
121-->src\main\AndroidManifest.xml:41:13-50
122                    android:host="firebase.auth"
123                    android:path="/"
124                    android:scheme="genericidp" />
125            </intent-filter>
126        </activity>
127        <activity
127-->[com.google.firebase:firebase-auth:21.0.8] AndroidManifest.xml:45:9-62:20
128            android:name="com.google.firebase.auth.internal.RecaptchaActivity"
128-->[com.google.firebase:firebase-auth:21.0.8] AndroidManifest.xml:46:13-79
129            android:excludeFromRecents="true"
129-->[com.google.firebase:firebase-auth:21.0.8] AndroidManifest.xml:47:13-46
130            android:exported="true"
130-->[com.google.firebase:firebase-auth:21.0.8] AndroidManifest.xml:48:13-36
131            android:launchMode="singleTask"
131-->[com.google.firebase:firebase-auth:21.0.8] AndroidManifest.xml:49:13-44
132            android:theme="@android:style/Theme.Translucent.NoTitleBar" >
132-->[com.google.firebase:firebase-auth:21.0.8] AndroidManifest.xml:50:13-72
133            <intent-filter>
133-->[com.google.firebase:firebase-auth:21.0.8] AndroidManifest.xml:51:13-61:29
134                <action android:name="android.intent.action.VIEW" />
134-->[com.google.firebase:firebase-auth:21.0.8] AndroidManifest.xml:34:17-69
134-->[com.google.firebase:firebase-auth:21.0.8] AndroidManifest.xml:34:25-66
135
136                <category android:name="android.intent.category.DEFAULT" />
136-->[com.google.firebase:firebase-auth:21.0.8] AndroidManifest.xml:36:17-76
136-->[com.google.firebase:firebase-auth:21.0.8] AndroidManifest.xml:36:27-73
137                <category android:name="android.intent.category.BROWSABLE" />
137-->[com.google.firebase:firebase-auth:21.0.8] AndroidManifest.xml:37:17-78
137-->[com.google.firebase:firebase-auth:21.0.8] AndroidManifest.xml:37:27-75
138
139                <data
139-->src\main\AndroidManifest.xml:41:13-50
140                    android:host="firebase.auth"
141                    android:path="/"
142                    android:scheme="recaptcha" />
143            </intent-filter>
144        </activity>
145
146        <provider
146-->[com.google.firebase:firebase-common:20.1.2] AndroidManifest.xml:26:9-31:39
147            android:name="com.google.firebase.provider.FirebaseInitProvider"
147-->[com.google.firebase:firebase-common:20.1.2] AndroidManifest.xml:27:13-77
148            android:authorities="com.example.vehiman.firebaseinitprovider"
148-->[com.google.firebase:firebase-common:20.1.2] AndroidManifest.xml:28:13-72
149            android:directBootAware="true"
149-->[com.google.firebase:firebase-common:20.1.2] AndroidManifest.xml:29:13-43
150            android:exported="false"
150-->[com.google.firebase:firebase-common:20.1.2] AndroidManifest.xml:30:13-37
151            android:initOrder="100" />
151-->[com.google.firebase:firebase-common:20.1.2] AndroidManifest.xml:31:13-36
152
153        <activity
153-->[com.google.android.gms:play-services-base:17.1.0] AndroidManifest.xml:23:9-26:75
154            android:name="com.google.android.gms.common.api.GoogleApiActivity"
154-->[com.google.android.gms:play-services-base:17.1.0] AndroidManifest.xml:24:13-79
155            android:exported="false"
155-->[com.google.android.gms:play-services-base:17.1.0] AndroidManifest.xml:25:13-37
156            android:theme="@android:style/Theme.Translucent.NoTitleBar" />
156-->[com.google.android.gms:play-services-base:17.1.0] AndroidManifest.xml:26:13-72
157
158        <meta-data
158-->[com.google.android.gms:play-services-basement:18.1.0] AndroidManifest.xml:21:9-23:69
159            android:name="com.google.android.gms.version"
159-->[com.google.android.gms:play-services-basement:18.1.0] AndroidManifest.xml:22:13-58
160            android:value="@integer/google_play_services_version" />
160-->[com.google.android.gms:play-services-basement:18.1.0] AndroidManifest.xml:23:13-66
161
162        <uses-library
162-->[androidx.window:window:1.0.0-beta04] AndroidManifest.xml:25:9-27:40
163            android:name="androidx.window.extensions"
163-->[androidx.window:window:1.0.0-beta04] AndroidManifest.xml:26:13-54
164            android:required="false" />
164-->[androidx.window:window:1.0.0-beta04] AndroidManifest.xml:27:13-37
165        <uses-library
165-->[androidx.window:window:1.0.0-beta04] AndroidManifest.xml:28:9-30:40
166            android:name="androidx.window.sidecar"
166-->[androidx.window:window:1.0.0-beta04] AndroidManifest.xml:29:13-51
167            android:required="false" />
167-->[androidx.window:window:1.0.0-beta04] AndroidManifest.xml:30:13-37
168
169        <provider
169-->[androidx.profileinstaller:profileinstaller:1.3.0] AndroidManifest.xml:24:9-32:20
170            android:name="androidx.startup.InitializationProvider"
170-->[androidx.profileinstaller:profileinstaller:1.3.0] AndroidManifest.xml:25:13-67
171            android:authorities="com.example.vehiman.androidx-startup"
171-->[androidx.profileinstaller:profileinstaller:1.3.0] AndroidManifest.xml:26:13-68
172            android:exported="false" >
172-->[androidx.profileinstaller:profileinstaller:1.3.0] AndroidManifest.xml:27:13-37
173            <meta-data
173-->[androidx.profileinstaller:profileinstaller:1.3.0] AndroidManifest.xml:29:13-31:52
174                android:name="androidx.profileinstaller.ProfileInstallerInitializer"
174-->[androidx.profileinstaller:profileinstaller:1.3.0] AndroidManifest.xml:30:17-85
175                android:value="androidx.startup" />
175-->[androidx.profileinstaller:profileinstaller:1.3.0] AndroidManifest.xml:31:17-49
176        </provider>
177
178        <receiver
178-->[androidx.profileinstaller:profileinstaller:1.3.0] AndroidManifest.xml:34:9-52:20
179            android:name="androidx.profileinstaller.ProfileInstallReceiver"
179-->[androidx.profileinstaller:profileinstaller:1.3.0] AndroidManifest.xml:35:13-76
180            android:directBootAware="false"
180-->[androidx.profileinstaller:profileinstaller:1.3.0] AndroidManifest.xml:36:13-44
181            android:enabled="true"
181-->[androidx.profileinstaller:profileinstaller:1.3.0] AndroidManifest.xml:37:13-35
182            android:exported="true"
182-->[androidx.profileinstaller:profileinstaller:1.3.0] AndroidManifest.xml:38:13-36
183            android:permission="android.permission.DUMP" >
183-->[androidx.profileinstaller:profileinstaller:1.3.0] AndroidManifest.xml:39:13-57
184            <intent-filter>
184-->[androidx.profileinstaller:profileinstaller:1.3.0] AndroidManifest.xml:40:13-42:29
185                <action android:name="androidx.profileinstaller.action.INSTALL_PROFILE" />
185-->[androidx.profileinstaller:profileinstaller:1.3.0] AndroidManifest.xml:41:17-91
185-->[androidx.profileinstaller:profileinstaller:1.3.0] AndroidManifest.xml:41:25-88
186            </intent-filter>
187            <intent-filter>
187-->[androidx.profileinstaller:profileinstaller:1.3.0] AndroidManifest.xml:43:13-45:29
188                <action android:name="androidx.profileinstaller.action.SKIP_FILE" />
188-->[androidx.profileinstaller:profileinstaller:1.3.0] AndroidManifest.xml:44:17-85
188-->[androidx.profileinstaller:profileinstaller:1.3.0] AndroidManifest.xml:44:25-82
189            </intent-filter>
190            <intent-filter>
190-->[androidx.profileinstaller:profileinstaller:1.3.0] AndroidManifest.xml:46:13-48:29
191                <action android:name="androidx.profileinstaller.action.SAVE_PROFILE" />
191-->[androidx.profileinstaller:profileinstaller:1.3.0] AndroidManifest.xml:47:17-88
191-->[androidx.profileinstaller:profileinstaller:1.3.0] AndroidManifest.xml:47:25-85
192            </intent-filter>
193            <intent-filter>
193-->[androidx.profileinstaller:profileinstaller:1.3.0] AndroidManifest.xml:49:13-51:29
194                <action android:name="androidx.profileinstaller.action.BENCHMARK_OPERATION" />
194-->[androidx.profileinstaller:profileinstaller:1.3.0] AndroidManifest.xml:50:17-95
194-->[androidx.profileinstaller:profileinstaller:1.3.0] AndroidManifest.xml:50:25-92
195            </intent-filter>
196        </receiver>
197    </application>
198
199</manifest>